{
  "RSpec": {
    "coverage": {
      "/Users/ericbelongea/Documents/turing_work/3mod/puppy_play_date_fe/config/environment.rb": {
        "lines": [
          null,
          1,
          null,
          null,
          1
        ]
      },
      "/Users/ericbelongea/Documents/turing_work/3mod/puppy_play_date_fe/config/application.rb": {
        "lines": [
          1,
          null,
          1,
          null,
          null,
          null,
          1,
          null,
          1,
          1,
          null,
          1,
          null,
          null,
          null,
          null,
          1,
          null,
          null,
          null,
          null,
          null,
          null,
          null,
          null,
          null,
          null
        ]
      },
      "/Users/ericbelongea/Documents/turing_work/3mod/puppy_play_date_fe/config/boot.rb": {
        "lines": [
          1,
          null,
          1,
          1
        ]
      },
      "/Users/ericbelongea/Documents/turing_work/3mod/puppy_play_date_fe/config/environments/test.rb": {
        "lines": [
          1,
          null,
          null,
          null,
          null,
          null,
          null,
          1,
          null,
          null,
          null,
          1,
          null,
          null,
          null,
          null,
          null,
          1,
          null,
          null,
          1,
          1,
          null,
          null,
          null,
          null,
          1,
          1,
          1,
          null,
          null,
          1,
          null,
          null,
          1,
          null,
          null,
          1,
          null,
          1,
          null,
          null,
          null,
          null,
          1,
          null,
          null,
          1,
          null,
          null,
          1,
          null,
          null,
          1,
          null,
          null,
          null,
          null,
          null,
          null,
          null,
          null,
          1,
          null
        ]
      },
      "/Users/ericbelongea/Documents/turing_work/3mod/puppy_play_date_fe/config/initializers/assets.rb": {
        "lines": [
          null,
          null,
          null,
          1,
          null,
          null,
          null,
          null,
          null,
          null,
          null,
          null
        ]
      },
      "/Users/ericbelongea/Documents/turing_work/3mod/puppy_play_date_fe/config/initializers/content_security_policy.rb": {
        "lines": [
          null,
          null,
          null,
          null,
          null,
          null,
          null,
          null,
          null,
          null,
          null,
          null,
          null,
          null,
          null,
          null,
          null,
          null,
          null,
          null,
          null,
          null,
          null,
          null,
          null
        ]
      },
      "/Users/ericbelongea/Documents/turing_work/3mod/puppy_play_date_fe/config/initializers/filter_parameter_logging.rb": {
        "lines": [
          null,
          null,
          null,
          null,
          null,
          1,
          null,
          null
        ]
      },
      "/Users/ericbelongea/Documents/turing_work/3mod/puppy_play_date_fe/config/initializers/inflections.rb": {
        "lines": [
          null,
          null,
          null,
          null,
          null,
          null,
          null,
          null,
          null,
          null,
          null,
          null,
          null,
          null,
          null,
          null
        ]
      },
      "/Users/ericbelongea/Documents/turing_work/3mod/puppy_play_date_fe/config/initializers/permissions_policy.rb": {
        "lines": [
          null,
          null,
          null,
          null,
          null,
          null,
          null,
          null,
          null,
          null,
          null,
          null,
          null
        ]
      },
      "/Users/ericbelongea/Documents/turing_work/3mod/puppy_play_date_fe/config/routes.rb": {
        "lines": [
          1,
          null,
          null,
          null,
          null,
          null,
          null,
          null,
          1,
          null,
          null,
          1,
          null,
          1,
          1,
          1,
          1,
          1,
          null,
          null,
          1,
          null,
          null,
          1,
          null,
          null,
          1,
          null,
          1,
          null
        ]
      },
      "/Users/ericbelongea/Documents/turing_work/3mod/puppy_play_date_fe/app/helpers/application_helper.rb": {
        "lines": [
          1,
          null
        ]
      },
      "/Users/ericbelongea/Documents/turing_work/3mod/puppy_play_date_fe/spec/features/users/show_spec.rb": {
        "lines": [
          1,
          null,
          1,
          1,
          1,
          5,
          null,
          null,
          1,
          1,
          1,
          1,
          1,
          null,
          null,
          null,
          null,
          null,
          1,
          1,
          1,
          null,
          null,
          1,
          1,
          1,
          null,
          null,
          1,
          1,
          1,
          null,
          null,
          1,
          1,
          1,
          null,
          null,
          null
        ]
      },
      "/Users/ericbelongea/Documents/turing_work/3mod/puppy_play_date_fe/spec/features/welcome/login_spec.rb": {
        "lines": [
          1,
          null,
          1,
          1,
          1,
          null,
          1,
          1,
          1,
          1,
          null,
          null,
          1,
          1,
          null,
          1,
          1,
          null,
          null,
          1,
          1,
          null,
          1,
          1,
          null,
          null,
          1,
          1,
          null,
          1,
          1,
          null,
          1,
          1,
          1,
          1,
          1,
          null,
          null,
          1,
          1,
          null,
          1,
          null,
          1,
          1,
          1,
          1,
          1,
          null,
          1,
          1,
          1,
          null,
          1,
          1,
          1,
          1,
          1,
          null,
          1,
          1,
          1,
          1,
          1,
          1,
          1,
          null,
          null
        ]
      },
      "/Users/ericbelongea/Documents/turing_work/3mod/puppy_play_date_fe/app/controllers/users_controller.rb": {
        "lines": [
          1,
          1,
          null,
          1,
          null,
          0,
          null,
          0,
          0,
          0,
          0,
          null,
          0,
          0,
          null,
          null,
          null,
          1,
          1,
          null,
          null,
          1,
          1,
          1,
          null,
          null,
          1,
          null,
          1,
          4,
          3,
          3,
          2,
          2,
          2,
          null,
          1,
          1,
          null,
          null,
          1,
          1,
          null,
          null,
          null,
          1,
          7,
          null,
          null
        ]
      },
      "/Users/ericbelongea/Documents/turing_work/3mod/puppy_play_date_fe/app/controllers/application_controller.rb": {
        "lines": [
          1,
          1,
          null,
          1,
          29,
          null,
          null
        ]
      },
      "/Users/ericbelongea/Documents/turing_work/3mod/puppy_play_date_fe/app/facades/users_facade.rb": {
        "lines": [
          1,
          1,
          3,
          3,
          3,
          null,
          2,
          null,
          null,
          null,
          null,
          1,
          null,
          null,
          null,
          null,
          null,
          1,
          8,
          8,
          null,
          null,
          1,
          0,
          0,
          null,
          null
        ]
      },
      "/Users/ericbelongea/Documents/turing_work/3mod/puppy_play_date_fe/app/services/users_service.rb": {
        "lines": [
          1,
          1,
          11,
          null,
          null,
          1,
          8,
          8,
          null,
          null,
          1,
          8,
          null,
          null,
          1,
          3,
          3,
          3,
          null,
          null,
          null
        ]
      },
      "/Users/ericbelongea/Documents/turing_work/3mod/puppy_play_date_fe/app/poros/user.rb": {
        "lines": [
          1,
          1,
          null,
          1,
          8,
          8,
          8,
          null,
          null
        ]
      },
      "/Users/ericbelongea/Documents/turing_work/3mod/puppy_play_date_fe/app/controllers/welcome_controller.rb": {
        "lines": [
          1,
          1,
          null
        ]
      },
      "/Users/ericbelongea/Documents/turing_work/3mod/puppy_play_date_fe/app/controllers/socials_controller.rb": {
        "lines": [
          1,
          1,
          null,
          1,
          null
        ]
      }
    },
    "timestamp": 1704561730
  }
}
